[debug] [2024-04-25T09:00:37.311Z] ----------------------------------------------------------------------
[debug] [2024-04-25T09:00:37.313Z] Command:       C:\Program Files\nodejs\node.exe C:\Users\mervs\AppData\Roaming\npm\node_modules\firebase-tools\lib\bin\firebase.js deploy
[debug] [2024-04-25T09:00:37.314Z] CLI Version:   13.5.1
[debug] [2024-04-25T09:00:37.314Z] Platform:      win32
[debug] [2024-04-25T09:00:37.314Z] Node Version:  v20.11.1
[debug] [2024-04-25T09:00:37.314Z] Time:          Thu Apr 25 2024 12:00:37 GMT+0300 (GMT+03:00)
[debug] [2024-04-25T09:00:37.314Z] ----------------------------------------------------------------------
[debug] 
[debug] [2024-04-25T09:00:37.381Z] > command requires scopes: ["email","openid","https://www.googleapis.com/auth/cloudplatformprojects.readonly","https://www.googleapis.com/auth/firebase","https://www.googleapis.com/auth/cloud-platform"]
[debug] [2024-04-25T09:00:37.381Z] > authorizing via signed-in user (mervsen@gmail.com)
[debug] [2024-04-25T09:00:37.381Z] [iam] checking project presentai-app for permissions ["cloudfunctions.functions.create","cloudfunctions.functions.delete","cloudfunctions.functions.get","cloudfunctions.functions.list","cloudfunctions.functions.update","cloudfunctions.operations.get","firebase.projects.get","firebasehosting.sites.update"]
[debug] [2024-04-25T09:00:37.383Z] >>> [apiv2][query] POST https://cloudresourcemanager.googleapis.com/v1/projects/presentai-app:testIamPermissions [none]
[debug] [2024-04-25T09:00:37.384Z] >>> [apiv2][(partial)header] POST https://cloudresourcemanager.googleapis.com/v1/projects/presentai-app:testIamPermissions x-goog-quota-user=projects/presentai-app
[debug] [2024-04-25T09:00:37.384Z] >>> [apiv2][body] POST https://cloudresourcemanager.googleapis.com/v1/projects/presentai-app:testIamPermissions {"permissions":["cloudfunctions.functions.create","cloudfunctions.functions.delete","cloudfunctions.functions.get","cloudfunctions.functions.list","cloudfunctions.functions.update","cloudfunctions.operations.get","firebase.projects.get","firebasehosting.sites.update"]}
[debug] [2024-04-25T09:00:38.387Z] <<< [apiv2][status] POST https://cloudresourcemanager.googleapis.com/v1/projects/presentai-app:testIamPermissions 200
[debug] [2024-04-25T09:00:38.388Z] <<< [apiv2][body] POST https://cloudresourcemanager.googleapis.com/v1/projects/presentai-app:testIamPermissions {"permissions":["cloudfunctions.functions.create","cloudfunctions.functions.delete","cloudfunctions.functions.get","cloudfunctions.functions.list","cloudfunctions.functions.update","cloudfunctions.operations.get","firebase.projects.get","firebasehosting.sites.update"]}
[debug] [2024-04-25T09:00:38.389Z] >>> [apiv2][query] POST https://iam.googleapis.com/v1/projects/presentai-app/serviceAccounts/presentai-app@appspot.gserviceaccount.com:testIamPermissions [none]
[debug] [2024-04-25T09:00:38.389Z] >>> [apiv2][body] POST https://iam.googleapis.com/v1/projects/presentai-app/serviceAccounts/presentai-app@appspot.gserviceaccount.com:testIamPermissions {"permissions":["iam.serviceAccounts.actAs"]}
[debug] [2024-04-25T09:00:38.757Z] <<< [apiv2][status] POST https://iam.googleapis.com/v1/projects/presentai-app/serviceAccounts/presentai-app@appspot.gserviceaccount.com:testIamPermissions 200
[debug] [2024-04-25T09:00:38.758Z] <<< [apiv2][body] POST https://iam.googleapis.com/v1/projects/presentai-app/serviceAccounts/presentai-app@appspot.gserviceaccount.com:testIamPermissions {"permissions":["iam.serviceAccounts.actAs"]}
[debug] [2024-04-25T09:00:38.758Z] >>> [apiv2][query] GET https://firebase.googleapis.com/v1beta1/projects/presentai-app [none]
[debug] [2024-04-25T09:00:39.223Z] <<< [apiv2][status] GET https://firebase.googleapis.com/v1beta1/projects/presentai-app 200
